<?xml version="1.0" encoding="UTF-8"?>
<testsuite xmlns:xsi="http://www.w3.org/2001/XMLSchema-instance" xsi:noNamespaceSchemaLocation="https://maven.apache.org/surefire/maven-surefire-plugin/xsd/surefire-test-report.xsd" version="3.0.2" name="com.example.demo.SinabroBackendApplicationTests" time="3.359" tests="1" errors="0" skipped="0" failures="0">
  <properties>
[...]
</properties>
  <testcase name="contextLoads" classname="com.example.demo.SinabroBackendApplicationTests" time="0.79">
    <system-out><![CDATA[02:55:20.126 [main] INFO org.springframework.test.context.support.AnnotationConfigContextLoaderUtils -- Could not detect default configuration classes for test class [com.example.demo.SinabroBackendApplicationTests]: SinabroBackendApplicationTests does not declare any static, non-private, non-final, nested classes annotated with @Configuration.
02:55:20.223 [main] INFO org.springframework.boot.test.context.SpringBootTestContextBootstrapper -- Found @SpringBootConfiguration com.example.demo.SinabroBackendApplication for test class com.example.demo.SinabroBackendApplicationTests

  .   ____          _            __ _ _
 /\\ / ___'_ __ _ _(_)_ __  __ _ \ \ \ \
( ( )\___ | '_ | '_| | '_ \/ _` | \ \ \ \
 \\/  ___)| |_)| | | | | || (_| |  ) ) ) )
  '  |____| .__|_| |_|_| |_\__, | / / / /
 =========|_|==============|___/=/_/_/_/

 :: Spring Boot ::                (v3.4.3)

2025-02-26T02:55:20.593+01:00  INFO 7844 --- [SinabroBackend] [           main] c.e.demo.SinabroBackendApplicationTests  : Starting SinabroBackendApplicationTests using Java 21.0.4 with PID 7844 (started by Usuario in C:\Users\Usuario\Desktop\PruebaApp\SinabroBackend)
2025-02-26T02:55:20.594+01:00  INFO 7844 --- [SinabroBackend] [           main] c.e.demo.SinabroBackendApplicationTests  : No active profile set, falling back to 1 default profile: "default"
2025-02-26T02:55:21.219+01:00  INFO 7844 --- [SinabroBackend] [           main] .s.d.r.c.RepositoryConfigurationDelegate : Bootstrapping Spring Data MongoDB repositories in DEFAULT mode.
2025-02-26T02:55:21.325+01:00  INFO 7844 --- [SinabroBackend] [           main] .s.d.r.c.RepositoryConfigurationDelegate : Finished Spring Data repository scanning in 99 ms. Found 1 MongoDB repository interface.
2025-02-26T02:55:21.756+01:00  INFO 7844 --- [SinabroBackend] [           main] org.mongodb.driver.client                : MongoClient with metadata {"application": {"name": "SinabroBDD"}, "driver": {"name": "mongo-java-driver|sync|spring-boot", "version": "5.2.1"}, "os": {"type": "Windows", "name": "Windows 10", "architecture": "amd64", "version": "10.0"}, "platform": "Java/Eclipse Adoptium/21.0.4+7-LTS"} created with settings MongoClientSettings{readPreference=primary, writeConcern=WriteConcern{w=majority, wTimeout=null ms, journal=null}, retryWrites=true, retryReads=true, readConcern=ReadConcern{level=null}, credential=MongoCredential{mechanism=null, userName='sinabrouser', source='admin', password=<hidden>, mechanismProperties=<hidden>}, transportSettings=null, commandListeners=[], codecRegistry=ProvidersCodecRegistry{codecProviders=[ValueCodecProvider{}, BsonValueCodecProvider{}, DBRefCodecProvider{}, DBObjectCodecProvider{}, DocumentCodecProvider{}, CollectionCodecProvider{}, IterableCodecProvider{}, MapCodecProvider{}, GeoJsonCodecProvider{}, GridFSFileCodecProvider{}, Jsr310CodecProvider{}, JsonObjectCodecProvider{}, BsonCodecProvider{}, EnumCodecProvider{}, com.mongodb.client.model.mql.ExpressionCodecProvider@310b2b6f, com.mongodb.Jep395RecordCodecProvider@6909f6be, com.mongodb.KotlinCodecProvider@6b5ab2f2]}, loggerSettings=LoggerSettings{maxDocumentLength=1000}, clusterSettings={hosts=[127.0.0.1:27017], srvHost=sinabrobdd.m7oba.mongodb.net, srvServiceName=mongodb, mode=MULTIPLE, requiredClusterType=REPLICA_SET, requiredReplicaSetName='atlas-9j323t-shard-0', serverSelector='null', clusterListeners='[]', serverSelectionTimeout='30000 ms', localThreshold='15 ms'}, socketSettings=SocketSettings{connectTimeoutMS=10000, readTimeoutMS=0, receiveBufferSize=0, proxySettings=ProxySettings{host=null, port=null, username=null, password=null}}, heartbeatSocketSettings=SocketSettings{connectTimeoutMS=10000, readTimeoutMS=10000, receiveBufferSize=0, proxySettings=ProxySettings{host=null, port=null, username=null, password=null}}, connectionPoolSettings=ConnectionPoolSettings{maxSize=100, minSize=0, maxWaitTimeMS=120000, maxConnectionLifeTimeMS=0, maxConnectionIdleTimeMS=0, maintenanceInitialDelayMS=0, maintenanceFrequencyMS=60000, connectionPoolListeners=[], maxConnecting=2}, serverSettings=ServerSettings{heartbeatFrequencyMS=10000, minHeartbeatFrequencyMS=500, serverMonitoringMode=AUTO, serverListeners='[]', serverMonitorListeners='[]'}, sslSettings=SslSettings{enabled=true, invalidHostNameAllowed=false, context=null}, applicationName='SinabroBDD', compressorList=[], uuidRepresentation=JAVA_LEGACY, serverApi=null, autoEncryptionSettings=null, dnsClient=null, inetAddressResolver=null, contextProvider=null, timeoutMS=null}
2025-02-26T02:55:21.776+01:00  INFO 7844 --- [SinabroBackend] [oba.mongodb.net] org.mongodb.driver.cluster               : Adding discovered server sinabrobdd-shard-00-01.m7oba.mongodb.net:27017 to client view of cluster
2025-02-26T02:55:21.800+01:00  INFO 7844 --- [SinabroBackend] [oba.mongodb.net] org.mongodb.driver.cluster               : Adding discovered server sinabrobdd-shard-00-02.m7oba.mongodb.net:27017 to client view of cluster
2025-02-26T02:55:21.804+01:00  INFO 7844 --- [SinabroBackend] [oba.mongodb.net] org.mongodb.driver.cluster               : Adding discovered server sinabrobdd-shard-00-00.m7oba.mongodb.net:27017 to client view of cluster
2025-02-26T02:55:22.356+01:00  INFO 7844 --- [SinabroBackend] [ngodb.net:27017] org.mongodb.driver.cluster               : Monitor thread successfully connected to server with description ServerDescription{address=sinabrobdd-shard-00-02.m7oba.mongodb.net:27017, type=REPLICA_SET_PRIMARY, cryptd=false, state=CONNECTED, ok=true, minWireVersion=0, maxWireVersion=25, maxDocumentSize=16777216, logicalSessionTimeoutMinutes=30, roundTripTimeNanos=349999100, minRoundTripTimeNanos=0, setName='atlas-9j323t-shard-0', canonicalAddress=sinabrobdd-shard-00-02.m7oba.mongodb.net:27017, hosts=[sinabrobdd-shard-00-01.m7oba.mongodb.net:27017, sinabrobdd-shard-00-00.m7oba.mongodb.net:27017, sinabrobdd-shard-00-02.m7oba.mongodb.net:27017], passives=[], arbiters=[], primary='sinabrobdd-shard-00-02.m7oba.mongodb.net:27017', tagSet=TagSet{[Tag{name='availabilityZone', value='euw3-az3'}, Tag{name='diskState', value='READY'}, Tag{name='nodeType', value='ELECTABLE'}, Tag{name='provider', value='AWS'}, Tag{name='region', value='EU_WEST_3'}, Tag{name='workloadType', value='OPERATIONAL'}]}, electionId=7fffffff0000000000000002, setVersion=1, topologyVersion=TopologyVersion{processId=67bc86fd11b1991d04a62a5e, counter=7}, lastWriteDate=Wed Feb 26 02:55:18 CET 2025, lastUpdateTimeNanos=1163281592560500}
2025-02-26T02:55:22.357+01:00  INFO 7844 --- [SinabroBackend] [ngodb.net:27017] org.mongodb.driver.cluster               : Monitor thread successfully connected to server with description ServerDescription{address=sinabrobdd-shard-00-00.m7oba.mongodb.net:27017, type=REPLICA_SET_SECONDARY, cryptd=false, state=CONNECTED, ok=true, minWireVersion=0, maxWireVersion=25, maxDocumentSize=16777216, logicalSessionTimeoutMinutes=30, roundTripTimeNanos=349998900, minRoundTripTimeNanos=0, setName='atlas-9j323t-shard-0', canonicalAddress=sinabrobdd-shard-00-00.m7oba.mongodb.net:27017, hosts=[sinabrobdd-shard-00-01.m7oba.mongodb.net:27017, sinabrobdd-shard-00-00.m7oba.mongodb.net:27017, sinabrobdd-shard-00-02.m7oba.mongodb.net:27017], passives=[], arbiters=[], primary='sinabrobdd-shard-00-02.m7oba.mongodb.net:27017', tagSet=TagSet{[Tag{name='availabilityZone', value='euw3-az1'}, Tag{name='diskState', value='READY'}, Tag{name='nodeType', value='ELECTABLE'}, Tag{name='provider', value='AWS'}, Tag{name='region', value='EU_WEST_3'}, Tag{name='workloadType', value='OPERATIONAL'}]}, electionId=null, setVersion=1, topologyVersion=TopologyVersion{processId=67bc86ecb719d6bb15b544af, counter=9}, lastWriteDate=Wed Feb 26 02:55:18 CET 2025, lastUpdateTimeNanos=1163281592560200}
2025-02-26T02:55:22.357+01:00  INFO 7844 --- [SinabroBackend] [ngodb.net:27017] org.mongodb.driver.cluster               : Monitor thread successfully connected to server with description ServerDescription{address=sinabrobdd-shard-00-01.m7oba.mongodb.net:27017, type=REPLICA_SET_SECONDARY, cryptd=false, state=CONNECTED, ok=true, minWireVersion=0, maxWireVersion=25, maxDocumentSize=16777216, logicalSessionTimeoutMinutes=30, roundTripTimeNanos=347391300, minRoundTripTimeNanos=0, setName='atlas-9j323t-shard-0', canonicalAddress=sinabrobdd-shard-00-01.m7oba.mongodb.net:27017, hosts=[sinabrobdd-shard-00-01.m7oba.mongodb.net:27017, sinabrobdd-shard-00-00.m7oba.mongodb.net:27017, sinabrobdd-shard-00-02.m7oba.mongodb.net:27017], passives=[], arbiters=[], primary='sinabrobdd-shard-00-02.m7oba.mongodb.net:27017', tagSet=TagSet{[Tag{name='availabilityZone', value='euw3-az2'}, Tag{name='diskState', value='READY'}, Tag{name='nodeType', value='ELECTABLE'}, Tag{name='provider', value='AWS'}, Tag{name='region', value='EU_WEST_3'}, Tag{name='workloadType', value='OPERATIONAL'}]}, electionId=null, setVersion=1, topologyVersion=TopologyVersion{processId=67bc86faed822f85432f5ba1, counter=5}, lastWriteDate=Wed Feb 26 02:55:18 GMT+01:00 2025, lastUpdateTimeNanos=1163281592560500}
2025-02-26T02:55:22.360+01:00  INFO 7844 --- [SinabroBackend] [ngodb.net:27017] org.mongodb.driver.cluster               : Discovered replica set primary sinabrobdd-shard-00-02.m7oba.mongodb.net:27017 with max election id 7fffffff0000000000000002 and max set version 1
2025-02-26T02:55:22.534+01:00  INFO 7844 --- [SinabroBackend] [           main] c.e.demo.SinabroBackendApplicationTests  : Started SinabroBackendApplicationTests in 2.18 seconds (process running for 3.05)
]]></system-out>
    <system-err><![CDATA[Mockito is currently self-attaching to enable the inline-mock-maker. This will no longer work in future releases of the JDK. Please add Mockito as an agent to your build what is described in Mockito's documentation: https://javadoc.io/doc/org.mockito/mockito-core/latest/org/mockito/Mockito.html#0.3
WARNING: A Java agent has been loaded dynamically (C:\Users\Usuario\.m2\repository\net\bytebuddy\byte-buddy-agent\1.15.11\byte-buddy-agent-1.15.11.jar)
WARNING: If a serviceability tool is in use, please run with -XX:+EnableDynamicAgentLoading to hide this warning
WARNING: If a serviceability tool is not in use, please run with -Djdk.instrument.traceUsage for more information
WARNING: Dynamic loading of agents will be disallowed by default in a future release
]]></system-err>
  </testcase>
</testsuite>